Temp/gradleOut/launcher/build/intermediates/manifest_merge_blame_file/release/manifest-merger-blame-release-report.txt
1<?xml version="1.0" encoding="utf-8"?>
2<!-- GENERATED BY UNITY. REMOVE THIS COMMENT TO PREVENT OVERWRITING WHEN EXPORTING AGAIN -->
3<manifest xmlns:android="http://schemas.android.com/apk/res/android"
4    package="com.DefaultCompany.TESTAR"
5    android:installLocation="preferExternal"
6    android:versionCode="1"
7    android:versionName="0.1" >
8
9    <uses-sdk
10        android:minSdkVersion="26"
10-->src/main/AndroidManifest.xml
11        android:targetSdkVersion="28" />
11-->src/main/AndroidManifest.xml
12
13    <supports-screens
13-->src/main/AndroidManifest.xml:4:3-163
14        android:anyDensity="true"
14-->src/main/AndroidManifest.xml:4:135-160
15        android:largeScreens="true"
15-->src/main/AndroidManifest.xml:4:78-105
16        android:normalScreens="true"
16-->src/main/AndroidManifest.xml:4:49-77
17        android:smallScreens="true"
17-->src/main/AndroidManifest.xml:4:21-48
18        android:xlargeScreens="true" />
18-->src/main/AndroidManifest.xml:4:106-134
19
20    <uses-feature android:glEsVersion="0x00020000" />
20-->[:unityLibrary] AndroidManifest.xml:13:5-54
20-->[:unityLibrary] AndroidManifest.xml:13:19-51
21
22    <uses-permission android:name="android.permission.INTERNET" />
22-->[:unityLibrary] AndroidManifest.xml:15:5-67
22-->[:unityLibrary] AndroidManifest.xml:15:22-64
23
24    <uses-feature
24-->[:unityLibrary] AndroidManifest.xml:17:5-19:36
25        android:name="android.hardware.touchscreen"
25-->[:unityLibrary] AndroidManifest.xml:18:9-52
26        android:required="false" />
26-->[:unityLibrary] AndroidManifest.xml:19:9-33
27    <uses-feature
27-->[:unityLibrary] AndroidManifest.xml:20:5-22:36
28        android:name="android.hardware.touchscreen.multitouch"
28-->[:unityLibrary] AndroidManifest.xml:21:9-63
29        android:required="false" />
29-->[:unityLibrary] AndroidManifest.xml:22:9-33
30    <uses-feature
30-->[:unityLibrary] AndroidManifest.xml:23:5-25:36
31        android:name="android.hardware.touchscreen.multitouch.distinct"
31-->[:unityLibrary] AndroidManifest.xml:24:9-72
32        android:required="false" />
32-->[:unityLibrary] AndroidManifest.xml:25:9-33
33
34    <uses-permission android:name="android.permission.CAMERA" />
34-->[:unityLibrary] AndroidManifest.xml:27:5-65
34-->[:unityLibrary] AndroidManifest.xml:27:22-62
35
36    <application
36-->src/main/AndroidManifest.xml:5:3-116
37        android:extractNativeLibs="true"
37-->src/main/AndroidManifest.xml:5:16-48
38        android:icon="@mipmap/app_icon"
38-->src/main/AndroidManifest.xml:5:82-113
39        android:label="@string/app_name" >
39-->src/main/AndroidManifest.xml:5:49-81
40        <activity
40-->[:unityLibrary] AndroidManifest.xml:30:9-49:20
41            android:name="com.unity3d.player.UnityPlayerActivity"
41-->[:unityLibrary] AndroidManifest.xml:31:13-66
42            android:configChanges="mcc|mnc|locale|touchscreen|keyboard|keyboardHidden|navigation|orientation|screenLayout|uiMode|screenSize|smallestScreenSize|fontScale|layoutDirection|density"
42-->[:unityLibrary] AndroidManifest.xml:32:13-194
43            android:hardwareAccelerated="false"
43-->[:unityLibrary] AndroidManifest.xml:33:13-48
44            android:launchMode="singleTask"
44-->[:unityLibrary] AndroidManifest.xml:34:13-44
45            android:screenOrientation="sensorPortrait"
45-->[:unityLibrary] AndroidManifest.xml:35:13-55
46            android:theme="@style/UnityThemeSelector" >
46-->[:unityLibrary] AndroidManifest.xml:36:13-54
47            <intent-filter>
47-->[:unityLibrary] AndroidManifest.xml:37:13-41:29
48                <action android:name="android.intent.action.MAIN" />
48-->[:unityLibrary] AndroidManifest.xml:38:17-69
48-->[:unityLibrary] AndroidManifest.xml:38:25-66
49
50                <category android:name="android.intent.category.LAUNCHER" />
50-->[:unityLibrary] AndroidManifest.xml:40:17-77
50-->[:unityLibrary] AndroidManifest.xml:40:27-74
51            </intent-filter>
52
53            <meta-data
53-->[:unityLibrary] AndroidManifest.xml:43:13-45:40
54                android:name="unityplayer.UnityActivity"
54-->[:unityLibrary] AndroidManifest.xml:44:17-57
55                android:value="true" />
55-->[:unityLibrary] AndroidManifest.xml:45:17-37
56            <meta-data
56-->[:unityLibrary] AndroidManifest.xml:46:13-48:40
57                android:name="android.notch_support"
57-->[:unityLibrary] AndroidManifest.xml:47:17-53
58                android:value="true" />
58-->[:unityLibrary] AndroidManifest.xml:48:17-37
59        </activity>
60
61        <meta-data
61-->[:unityLibrary] AndroidManifest.xml:51:9-53:33
62            android:name="unity.splash-mode"
62-->[:unityLibrary] AndroidManifest.xml:52:13-45
63            android:value="0" />
63-->[:unityLibrary] AndroidManifest.xml:53:13-30
64        <meta-data
64-->[:unityLibrary] AndroidManifest.xml:54:9-56:36
65            android:name="unity.splash-enable"
65-->[:unityLibrary] AndroidManifest.xml:55:13-47
66            android:value="True" />
66-->[:unityLibrary] AndroidManifest.xml:56:13-33
67        <meta-data
67-->[:unityLibrary] AndroidManifest.xml:57:9-59:50
68            android:name="notch.config"
68-->[:unityLibrary] AndroidManifest.xml:58:13-40
69            android:value="portrait|landscape" />
69-->[:unityLibrary] AndroidManifest.xml:59:13-47
70        <meta-data
70-->[:unityLibrary] AndroidManifest.xml:60:9-62:68
71            android:name="unity.build-id"
71-->[:unityLibrary] AndroidManifest.xml:61:13-42
72            android:value="9f529923-3953-45aa-b1cb-88ba67b683bd" />
72-->[:unityLibrary] AndroidManifest.xml:62:13-65
73        <meta-data
73-->[:unityLibrary] AndroidManifest.xml:63:9-65:36
74            android:name="unityplayer.SkipPermissionsDialog"
74-->[:unityLibrary] AndroidManifest.xml:64:13-61
75            android:value="true" />
75-->[:unityLibrary] AndroidManifest.xml:65:13-33
76        <meta-data
76-->[:unityLibrary] AndroidManifest.xml:66:9-68:40
77            android:name="com.google.ar.core"
77-->[:unityLibrary] AndroidManifest.xml:67:13-46
78            android:value="optional" /> <!-- The minimal version code of ARCore APK required for an app using this SDK. -->
78-->[:unityLibrary] AndroidManifest.xml:68:13-37
79        <meta-data
79-->[:arcore_client:] AndroidManifest.xml:33:9-35:41
80            android:name="com.google.ar.core.min_apk_version"
80-->[:arcore_client:] AndroidManifest.xml:34:13-62
81            android:value="190805000" /> <!-- This activity is critical for installing ARCore when it is not already present. -->
81-->[:arcore_client:] AndroidManifest.xml:35:13-38
82        <activity
82-->[:arcore_client:] AndroidManifest.xml:37:9-43:80
83            android:name="com.google.ar.core.InstallActivity"
83-->[:arcore_client:] AndroidManifest.xml:38:13-62
84            android:configChanges="keyboardHidden|orientation|screenSize"
84-->[:arcore_client:] AndroidManifest.xml:39:13-74
85            android:excludeFromRecents="true"
85-->[:arcore_client:] AndroidManifest.xml:40:13-46
86            android:exported="false"
86-->[:arcore_client:] AndroidManifest.xml:41:13-37
87            android:launchMode="singleTop"
87-->[:arcore_client:] AndroidManifest.xml:42:13-43
88            android:theme="@android:style/Theme.Material.Light.Dialog.Alert" />
88-->[:arcore_client:] AndroidManifest.xml:43:13-77
89        <activity
89-->[:lunar-console:] AndroidManifest.xml:12:9-16:58
90            android:name="spacemadness.com.lunarconsole.settings.PluginSettingsActivity"
90-->[:lunar-console:] AndroidManifest.xml:13:13-89
91            android:icon="@drawable/lunar_console_icon_button_settings"
91-->[:lunar-console:] AndroidManifest.xml:14:13-72
92            android:label="@string/lunar_console_settings_activity_label"
92-->[:lunar-console:] AndroidManifest.xml:15:13-74
93            android:theme="@style/lunar_console_theme" />
93-->[:lunar-console:] AndroidManifest.xml:16:13-55
94    </application>
95
96</manifest>